# JRE version: OpenJDK Runtime Environment Temurin-17.0.7+7 (17.0.7+7) (build 17.0.7+7)
# Java VM: OpenJDK 64-Bit Server VM Temurin-17.0.7+7 (17.0.7+7, mixed mode, tiered, compressed oops, compressed class ptrs, parallel gc, windows-amd64)
GC Precious Log:
 CPUs: 8 total, 8 available
 Memory: 8072M
 Large Page Support: Disabled
 NUMA Support: Disabled
 Compressed Oops: Enabled (32-bit)
 Alignments: Space 512K, Generation 512K, Heap 2M
 Heap Min Capacity: 100M
 Heap Initial Capacity: 100M
 Heap Max Capacity: 1G
 Pre-touch: Disabled
 Parallel Workers: 8
Heap:
 PSYoungGen      total 5632K, used 1900K [0x00000000eab00000, 0x00000000eb300000, 0x0000000100000000)
  eden space 3072K, 0% used [0x00000000eab00000,0x00000000eab00000,0x00000000eae00000)
  from space 2560K, 74% used [0x00000000eb080000,0x00000000eb25b158,0x00000000eb300000)
  to   space 2560K, 0% used [0x00000000eae00000,0x00000000eae00000,0x00000000eb080000)
 ParOldGen       total 261120K, used 260130K [0x00000000c0000000, 0x00000000cff00000, 0x00000000eab00000)
  object space 261120K, 99% used [0x00000000c0000000,0x00000000cfe08bf8,0x00000000cff00000)
 Metaspace       used 93007K, committed 94144K, reserved 1179648K
  class space    used 9062K, committed 9600K, reserved 1048576K
GC Heap History (20 events):
Event: 2980.791 GC heap after
{Heap after GC invocations=16276 (full 369):
 PSYoungGen      total 3072K, used 496K [0x00000000eab00000, 0x00000000eb080000, 0x0000000100000000)
  eden space 2560K, 0% used [0x00000000eab00000,0x00000000eab00000,0x00000000ead80000)
  from space 512K, 96% used [0x00000000eae80000,0x00000000eaefc258,0x00000000eaf00000)
  to   space 1536K, 0% used [0x00000000eaf00000,0x00000000eaf00000,0x00000000eb080000)
 ParOldGen       total 261120K, used 241926K [0x00000000c0000000, 0x00000000cff00000, 0x00000000eab00000)
  object space 261120K, 92% used [0x00000000c0000000,0x00000000cec41960,0x00000000cff00000)
 Metaspace       used 93007K, committed 94144K, reserved 1179648K
  class space    used 9062K, committed 9600K, reserved 1048576K
}
Event: 2980.807 GC heap before
{Heap before GC invocations=16277 (full 369):
 PSYoungGen      total 3072K, used 3054K [0x00000000eab00000, 0x00000000eb080000, 0x0000000100000000)
  eden space 2560K, 99% used [0x00000000eab00000,0x00000000ead7f698,0x00000000ead80000)
  from space 512K, 96% used [0x00000000eae80000,0x00000000eaefc258,0x00000000eaf00000)
  to   space 1536K, 0% used [0x00000000eaf00000,0x00000000eaf00000,0x00000000eb080000)
 ParOldGen       total 261120K, used 243570K [0x00000000c0000000, 0x00000000cff00000, 0x00000000eab00000)
  object space 261120K, 93% used [0x00000000c0000000,0x00000000ceddcab8,0x00000000cff00000)
 Metaspace       used 93007K, committed 94144K, reserved 1179648K
  class space    used 9062K, committed 9600K, reserved 1048576K
}
Event: 2980.809 GC heap after
{Heap after GC invocations=16277 (full 369):
 PSYoungGen      total 4096K, used 1218K [0x00000000eab00000, 0x00000000eb080000, 0x0000000100000000)
  eden space 2560K, 0% used [0x00000000eab00000,0x00000000eab00000,0x00000000ead80000)
  from space 1536K, 79% used [0x00000000eaf00000,0x00000000eb030aa0,0x00000000eb080000)
  to   space 1536K, 0% used [0x00000000ead80000,0x00000000ead80000,0x00000000eaf00000)
 ParOldGen       total 261120K, used 244089K [0x00000000c0000000, 0x00000000cff00000, 0x00000000eab00000)
  object space 261120K, 93% used [0x00000000c0000000,0x00000000cee5e728,0x00000000cff00000)
 Metaspace       used 93007K, committed 94144K, reserved 1179648K
  class space    used 9062K, committed 9600K, reserved 1048576K
}
Event: 2980.814 GC heap before
{Heap before GC invocations=16278 (full 369):
 PSYoungGen      total 4096K, used 3578K [0x00000000eab00000, 0x00000000eb080000, 0x0000000100000000)
  eden space 2560K, 92% used [0x00000000eab00000,0x00000000ead4df60,0x00000000ead80000)
  from space 1536K, 79% used [0x00000000eaf00000,0x00000000eb030aa0,0x00000000eb080000)
  to   space 1536K, 0% used [0x00000000ead80000,0x00000000ead80000,0x00000000eaf00000)
 ParOldGen       total 261120K, used 244089K [0x00000000c0000000, 0x00000000cff00000, 0x00000000eab00000)
  object space 261120K, 93% used [0x00000000c0000000,0x00000000cee5e728,0x00000000cff00000)
 Metaspace       used 93007K, committed 94144K, reserved 1179648K
  class space    used 9062K, committed 9600K, reserved 1048576K
}
Event: 2980.815 GC heap after
{Heap after GC invocations=16278 (full 369):
 PSYoungGen      total 4096K, used 911K [0x00000000eab00000, 0x00000000eb080000, 0x0000000100000000)
  eden space 2560K, 0% used [0x00000000eab00000,0x00000000eab00000,0x00000000ead80000)
  from space 1536K, 59% used [0x00000000ead80000,0x00000000eae63ea8,0x00000000eaf00000)
  to   space 1536K, 0% used [0x00000000eaf00000,0x00000000eaf00000,0x00000000eb080000)
 ParOldGen       total 261120K, used 246617K [0x00000000c0000000, 0x00000000cff00000, 0x00000000eab00000)
  object space 261120K, 94% used [0x00000000c0000000,0x00000000cf0d65c0,0x00000000cff00000)
 Metaspace       used 93007K, committed 94144K, reserved 1179648K
  class space    used 9062K, committed 9600K, reserved 1048576K
}
Event: 2980.823 GC heap before
{Heap before GC invocations=16279 (full 369):
 PSYoungGen      total 4096K, used 3426K [0x00000000eab00000, 0x00000000eb080000, 0x0000000100000000)
  eden space 2560K, 98% used [0x00000000eab00000,0x00000000ead74ad8,0x00000000ead80000)
  from space 1536K, 59% used [0x00000000ead80000,0x00000000eae63ea8,0x00000000eaf00000)
  to   space 1536K, 0% used [0x00000000eaf00000,0x00000000eaf00000,0x00000000eb080000)
 ParOldGen       total 261120K, used 249906K [0x00000000c0000000, 0x00000000cff00000, 0x00000000eab00000)
  object space 261120K, 95% used [0x00000000c0000000,0x00000000cf40c870,0x00000000cff00000)
 Metaspace       used 93007K, committed 94144K, reserved 1179648K
  class space    used 9062K, committed 9600K, reserved 1048576K
}
Event: 2980.824 GC heap after
{Heap after GC invocations=16279 (full 369):
 PSYoungGen      total 3584K, used 637K [0x00000000eab00000, 0x00000000eb000000, 0x0000000100000000)
  eden space 2560K, 0% used [0x00000000eab00000,0x00000000eab00000,0x00000000ead80000)
  from space 1024K, 62% used [0x00000000eaf00000,0x00000000eaf9f478,0x00000000eb000000)
  to   space 1024K, 0% used [0x00000000eae00000,0x00000000eae00000,0x00000000eaf00000)
 ParOldGen       total 261120K, used 249938K [0x00000000c0000000, 0x00000000cff00000, 0x00000000eab00000)
  object space 261120K, 95% used [0x00000000c0000000,0x00000000cf414870,0x00000000cff00000)
 Metaspace       used 93007K, committed 94144K, reserved 1179648K
  class space    used 9062K, committed 9600K, reserved 1048576K
}
Event: 2980.827 GC heap before
{Heap before GC invocations=16280 (full 369):
 PSYoungGen      total 3584K, used 3160K [0x00000000eab00000, 0x00000000eb000000, 0x0000000100000000)
  eden space 2560K, 98% used [0x00000000eab00000,0x00000000ead76dd0,0x00000000ead80000)
  from space 1024K, 62% used [0x00000000eaf00000,0x00000000eaf9f478,0x00000000eb000000)
  to   space 1024K, 0% used [0x00000000eae00000,0x00000000eae00000,0x00000000eaf00000)
 ParOldGen       total 261120K, used 249938K [0x00000000c0000000, 0x00000000cff00000, 0x00000000eab00000)
  object space 261120K, 95% used [0x00000000c0000000,0x00000000cf414870,0x00000000cff00000)
 Metaspace       used 93007K, committed 94144K, reserved 1179648K
  class space    used 9062K, committed 9600K, reserved 1048576K
}
Event: 2980.828 GC heap after
{Heap after GC invocations=16280 (full 369):
 PSYoungGen      total 3584K, used 669K [0x00000000eab00000, 0x00000000eaf80000, 0x0000000100000000)
  eden space 2560K, 0% used [0x00000000eab00000,0x00000000eab00000,0x00000000ead80000)
  from space 1024K, 65% used [0x00000000eae00000,0x00000000eaea7578,0x00000000eaf00000)
  to   space 512K, 0% used [0x00000000eaf00000,0x00000000eaf00000,0x00000000eaf80000)
 ParOldGen       total 261120K, used 251622K [0x00000000c0000000, 0x00000000cff00000, 0x00000000eab00000)
  object space 261120K, 96% used [0x00000000c0000000,0x00000000cf5b99c8,0x00000000cff00000)
 Metaspace       used 93007K, committed 94144K, reserved 1179648K
  class space    used 9062K, committed 9600K, reserved 1048576K
}
Event: 2980.835 GC heap before
{Heap before GC invocations=16281 (full 369):
 PSYoungGen      total 3584K, used 3140K [0x00000000eab00000, 0x00000000eaf80000, 0x0000000100000000)
  eden space 2560K, 96% used [0x00000000eab00000,0x00000000ead69da0,0x00000000ead80000)
  from space 1024K, 65% used [0x00000000eae00000,0x00000000eaea7578,0x00000000eaf00000)
  to   space 512K, 0% used [0x00000000eaf00000,0x00000000eaf00000,0x00000000eaf80000)
 ParOldGen       total 261120K, used 253266K [0x00000000c0000000, 0x00000000cff00000, 0x00000000eab00000)
  object space 261120K, 96% used [0x00000000c0000000,0x00000000cf754b20,0x00000000cff00000)
 Metaspace       used 93007K, committed 94144K, reserved 1179648K
  class space    used 9062K, committed 9600K, reserved 1048576K
}
Event: 2980.836 GC heap after
{Heap after GC invocations=16281 (full 369):
 PSYoungGen      total 3072K, used 224K [0x00000000eab00000, 0x00000000eaf80000, 0x0000000100000000)
  eden space 2560K, 0% used [0x00000000eab00000,0x00000000eab00000,0x00000000ead80000)
  from space 512K, 43% used [0x00000000eaf00000,0x00000000eaf38000,0x00000000eaf80000)
  to   space 512K, 0% used [0x00000000eae80000,0x00000000eae80000,0x00000000eaf00000)
 ParOldGen       total 261120K, used 253274K [0x00000000c0000000, 0x00000000cff00000, 0x00000000eab00000)
  object space 261120K, 96% used [0x00000000c0000000,0x00000000cf756b20,0x00000000cff00000)
 Metaspace       used 93007K, committed 94144K, reserved 1179648K
  class space    used 9062K, committed 9600K, reserved 1048576K
}
Event: 2980.841 GC heap before
{Heap before GC invocations=16282 (full 369):
 PSYoungGen      total 3072K, used 2784K [0x00000000eab00000, 0x00000000eaf80000, 0x0000000100000000)
  eden space 2560K, 100% used [0x00000000eab00000,0x00000000ead80000,0x00000000ead80000)
  from space 512K, 43% used [0x00000000eaf00000,0x00000000eaf38000,0x00000000eaf80000)
  to   space 512K, 0% used [0x00000000eae80000,0x00000000eae80000,0x00000000eaf00000)
 ParOldGen       total 261120K, used 253274K [0x00000000c0000000, 0x00000000cff00000, 0x00000000eab00000)
  object space 261120K, 96% used [0x00000000c0000000,0x00000000cf756b20,0x00000000cff00000)
 Metaspace       used 93007K, committed 94144K, reserved 1179648K
  class space    used 9062K, committed 9600K, reserved 1048576K
}
Event: 2980.842 GC heap after
{Heap after GC invocations=16282 (full 369):
 PSYoungGen      total 3072K, used 452K [0x00000000eab00000, 0x00000000eaf80000, 0x0000000100000000)
  eden space 2560K, 0% used [0x00000000eab00000,0x00000000eab00000,0x00000000ead80000)
  from space 512K, 88% used [0x00000000eae80000,0x00000000eaef1050,0x00000000eaf00000)
  to   space 512K, 0% used [0x00000000eaf00000,0x00000000eaf00000,0x00000000eaf80000)
 ParOldGen       total 261120K, used 254951K [0x00000000c0000000, 0x00000000cff00000, 0x00000000eab00000)
  object space 261120K, 97% used [0x00000000c0000000,0x00000000cf8f9c78,0x00000000cff00000)
 Metaspace       used 93007K, committed 94144K, reserved 1179648K
  class space    used 9062K, committed 9600K, reserved 1048576K
}
Event: 2980.847 GC heap before
{Heap before GC invocations=16283 (full 369):
 PSYoungGen      total 3072K, used 2967K [0x00000000eab00000, 0x00000000eaf80000, 0x0000000100000000)
  eden space 2560K, 98% used [0x00000000eab00000,0x00000000ead74ef0,0x00000000ead80000)
  from space 512K, 88% used [0x00000000eae80000,0x00000000eaef1050,0x00000000eaf00000)
  to   space 512K, 0% used [0x00000000eaf00000,0x00000000eaf00000,0x00000000eaf80000)
 ParOldGen       total 261120K, used 256595K [0x00000000c0000000, 0x00000000cff00000, 0x00000000eab00000)
  object space 261120K, 98% used [0x00000000c0000000,0x00000000cfa94dd0,0x00000000cff00000)
 Metaspace       used 93007K, committed 94144K, reserved 1179648K
  class space    used 9062K, committed 9600K, reserved 1048576K
}
Event: 2980.848 GC heap after
{Heap after GC invocations=16283 (full 369):
 PSYoungGen      total 3072K, used 224K [0x00000000eab00000, 0x00000000eaf80000, 0x0000000100000000)
  eden space 2560K, 0% used [0x00000000eab00000,0x00000000eab00000,0x00000000ead80000)
  from space 512K, 43% used [0x00000000eaf00000,0x00000000eaf38000,0x00000000eaf80000)
  to   space 512K, 0% used [0x00000000eae80000,0x00000000eae80000,0x00000000eaf00000)
 ParOldGen       total 261120K, used 256603K [0x00000000c0000000, 0x00000000cff00000, 0x00000000eab00000)
  object space 261120K, 98% used [0x00000000c0000000,0x00000000cfa96dd0,0x00000000cff00000)
 Metaspace       used 93007K, committed 94144K, reserved 1179648K
  class space    used 9062K, committed 9600K, reserved 1048576K
}
Event: 2980.852 GC heap before
{Heap before GC invocations=16284 (full 369):
 PSYoungGen      total 3072K, used 2779K [0x00000000eab00000, 0x00000000eaf80000, 0x0000000100000000)
  eden space 2560K, 99% used [0x00000000eab00000,0x00000000ead7ef28,0x00000000ead80000)
  from space 512K, 43% used [0x00000000eaf00000,0x00000000eaf38000,0x00000000eaf80000)
  to   space 512K, 0% used [0x00000000eae80000,0x00000000eae80000,0x00000000eaf00000)
 ParOldGen       total 261120K, used 256603K [0x00000000c0000000, 0x00000000cff00000, 0x00000000eab00000)
  object space 261120K, 98% used [0x00000000c0000000,0x00000000cfa96dd0,0x00000000cff00000)
 Metaspace       used 93007K, committed 94144K, reserved 1179648K
  class space    used 9062K, committed 9600K, reserved 1048576K
}
Event: 2980.853 GC heap after
{Heap after GC invocations=16284 (full 369):
 PSYoungGen      total 3072K, used 507K [0x00000000eab00000, 0x00000000eb380000, 0x0000000100000000)
  eden space 2560K, 0% used [0x00000000eab00000,0x00000000eab00000,0x00000000ead80000)
  from space 512K, 99% used [0x00000000eae80000,0x00000000eaefeff0,0x00000000eaf00000)
  to   space 3072K, 0% used [0x00000000eb080000,0x00000000eb080000,0x00000000eb380000)
 ParOldGen       total 261120K, used 258454K [0x00000000c0000000, 0x00000000cff00000, 0x00000000eab00000)
  object space 261120K, 98% used [0x00000000c0000000,0x00000000cfc65aa0,0x00000000cff00000)
 Metaspace       used 93007K, committed 94144K, reserved 1179648K
  class space    used 9062K, committed 9600K, reserved 1048576K
}
Event: 2980.855 GC heap before
{Heap before GC invocations=16285 (full 369):
 PSYoungGen      total 3072K, used 2961K [0x00000000eab00000, 0x00000000eb380000, 0x0000000100000000)
  eden space 2560K, 95% used [0x00000000eab00000,0x00000000ead65620,0x00000000ead80000)
  from space 512K, 99% used [0x00000000eae80000,0x00000000eaefeff0,0x00000000eaf00000)
  to   space 3072K, 0% used [0x00000000eb080000,0x00000000eb080000,0x00000000eb380000)
 ParOldGen       total 261120K, used 258454K [0x00000000c0000000, 0x00000000cff00000, 0x00000000eab00000)
  object space 261120K, 98% used [0x00000000c0000000,0x00000000cfc65aa0,0x00000000cff00000)
 Metaspace       used 93007K, committed 94144K, reserved 1179648K
  class space    used 9062K, committed 9600K, reserved 1048576K
}
Event: 2980.857 GC heap after
{Heap after GC invocations=16285 (full 369):
 PSYoungGen      total 5632K, used 1900K [0x00000000eab00000, 0x00000000eb300000, 0x0000000100000000)
  eden space 3072K, 0% used [0x00000000eab00000,0x00000000eab00000,0x00000000eae00000)
  from space 2560K, 74% used [0x00000000eb080000,0x00000000eb25b158,0x00000000eb300000)
  to   space 2560K, 0% used [0x00000000eae00000,0x00000000eae00000,0x00000000eb080000)
 ParOldGen       total 261120K, used 260130K [0x00000000c0000000, 0x00000000cff00000, 0x00000000eab00000)
  object space 261120K, 99% used [0x00000000c0000000,0x00000000cfe08bf8,0x00000000cff00000)
 Metaspace       used 93007K, committed 94144K, reserved 1179648K
  class space    used 9062K, committed 9600K, reserved 1048576K
}
Event: 2980.857 GC heap before
{Heap before GC invocations=16286 (full 370):
 PSYoungGen      total 5632K, used 1900K [0x00000000eab00000, 0x00000000eb300000, 0x0000000100000000)
  eden space 3072K, 0% used [0x00000000eab00000,0x00000000eab00000,0x00000000eae00000)
  from space 2560K, 74% used [0x00000000eb080000,0x00000000eb25b158,0x00000000eb300000)
  to   space 2560K, 0% used [0x00000000eae00000,0x00000000eae00000,0x00000000eb080000)
 ParOldGen       total 261120K, used 260130K [0x00000000c0000000, 0x00000000cff00000, 0x00000000eab00000)
  object space 261120K, 99% used [0x00000000c0000000,0x00000000cfe08bf8,0x00000000cff00000)
 Metaspace       used 93007K, committed 94144K, reserved 1179648K
  class space    used 9062K, committed 9600K, reserved 1048576K
}

