# JRE version: OpenJDK Runtime Environment Temurin-17.0.7+7 (17.0.7+7) (build 17.0.7+7)
# Java VM: OpenJDK 64-Bit Server VM Temurin-17.0.7+7 (17.0.7+7, mixed mode, tiered, compressed oops, compressed class ptrs, parallel gc, windows-amd64)
GC Precious Log:
 CPUs: 8 total, 8 available
 Memory: 8072M
 Large Page Support: Disabled
 NUMA Support: Disabled
 Compressed Oops: Enabled (32-bit)
 Alignments: Space 512K, Generation 512K, Heap 2M
 Heap Min Capacity: 100M
 Heap Initial Capacity: 100M
 Heap Max Capacity: 1G
 Pre-touch: Disabled
 Parallel Workers: 8
Heap:
 PSYoungGen      total 3072K, used 3008K [0x00000000eab00000, 0x00000000eaf80000, 0x0000000100000000)
  eden space 2048K, 100% used [0x00000000eab00000,0x00000000ead00000,0x00000000ead00000)
  from space 1024K, 93% used [0x00000000eae00000,0x00000000eaef0000,0x00000000eaf00000)
  to   space 512K, 100% used [0x00000000eaf00000,0x00000000eaf80000,0x00000000eaf80000)
 ParOldGen       total 120832K, used 113453K [0x00000000c0000000, 0x00000000c7600000, 0x00000000eab00000)
  object space 120832K, 93% used [0x00000000c0000000,0x00000000c6ecb538,0x00000000c7600000)
 Metaspace       used 88979K, committed 90048K, reserved 1179648K
  class space    used 8594K, committed 9024K, reserved 1048576K
GC Heap History (20 events):
Event: 4116.210 GC heap after
{Heap after GC invocations=18859 (full 500):
 PSYoungGen      total 3072K, used 752K [0x00000000eab00000, 0x00000000eaf00000, 0x0000000100000000)
  eden space 2048K, 0% used [0x00000000eab00000,0x00000000eab00000,0x00000000ead00000)
  from space 1024K, 73% used [0x00000000eae00000,0x00000000eaebc010,0x00000000eaf00000)
  to   space 1024K, 0% used [0x00000000ead00000,0x00000000ead00000,0x00000000eae00000)
 ParOldGen       total 120832K, used 105860K [0x00000000c0000000, 0x00000000c7600000, 0x00000000eab00000)
  object space 120832K, 87% used [0x00000000c0000000,0x00000000c6761318,0x00000000c7600000)
 Metaspace       used 88979K, committed 90048K, reserved 1179648K
  class space    used 8594K, committed 9024K, reserved 1048576K
}
Event: 4116.215 GC heap before
{Heap before GC invocations=18860 (full 500):
 PSYoungGen      total 3072K, used 2800K [0x00000000eab00000, 0x00000000eaf00000, 0x0000000100000000)
  eden space 2048K, 100% used [0x00000000eab00000,0x00000000ead00000,0x00000000ead00000)
  from space 1024K, 73% used [0x00000000eae00000,0x00000000eaebc010,0x00000000eaf00000)
  to   space 1024K, 0% used [0x00000000ead00000,0x00000000ead00000,0x00000000eae00000)
 ParOldGen       total 120832K, used 105860K [0x00000000c0000000, 0x00000000c7600000, 0x00000000eab00000)
  object space 120832K, 87% used [0x00000000c0000000,0x00000000c6761318,0x00000000c7600000)
 Metaspace       used 88979K, committed 90048K, reserved 1179648K
  class space    used 8594K, committed 9024K, reserved 1048576K
}
Event: 4116.216 GC heap after
{Heap after GC invocations=18860 (full 500):
 PSYoungGen      total 3072K, used 800K [0x00000000eab00000, 0x00000000eaf00000, 0x0000000100000000)
  eden space 2048K, 0% used [0x00000000eab00000,0x00000000eab00000,0x00000000ead00000)
  from space 1024K, 78% used [0x00000000ead00000,0x00000000eadc8000,0x00000000eae00000)
  to   space 1024K, 0% used [0x00000000eae00000,0x00000000eae00000,0x00000000eaf00000)
 ParOldGen       total 120832K, used 106574K [0x00000000c0000000, 0x00000000c7600000, 0x00000000eab00000)
  object space 120832K, 88% used [0x00000000c0000000,0x00000000c6813b88,0x00000000c7600000)
 Metaspace       used 88979K, committed 90048K, reserved 1179648K
  class space    used 8594K, committed 9024K, reserved 1048576K
}
Event: 4116.221 GC heap before
{Heap before GC invocations=18861 (full 500):
 PSYoungGen      total 3072K, used 2848K [0x00000000eab00000, 0x00000000eaf00000, 0x0000000100000000)
  eden space 2048K, 100% used [0x00000000eab00000,0x00000000ead00000,0x00000000ead00000)
  from space 1024K, 78% used [0x00000000ead00000,0x00000000eadc8000,0x00000000eae00000)
  to   space 1024K, 0% used [0x00000000eae00000,0x00000000eae00000,0x00000000eaf00000)
 ParOldGen       total 120832K, used 106574K [0x00000000c0000000, 0x00000000c7600000, 0x00000000eab00000)
  object space 120832K, 88% used [0x00000000c0000000,0x00000000c6813b88,0x00000000c7600000)
 Metaspace       used 88979K, committed 90048K, reserved 1179648K
  class space    used 8594K, committed 9024K, reserved 1048576K
}
Event: 4116.222 GC heap after
{Heap after GC invocations=18861 (full 500):
 PSYoungGen      total 3072K, used 896K [0x00000000eab00000, 0x00000000eaf00000, 0x0000000100000000)
  eden space 2048K, 0% used [0x00000000eab00000,0x00000000eab00000,0x00000000ead00000)
  from space 1024K, 87% used [0x00000000eae00000,0x00000000eaee0000,0x00000000eaf00000)
  to   space 1024K, 0% used [0x00000000ead00000,0x00000000ead00000,0x00000000eae00000)
 ParOldGen       total 120832K, used 107288K [0x00000000c0000000, 0x00000000c7600000, 0x00000000eab00000)
  object space 120832K, 88% used [0x00000000c0000000,0x00000000c68c63d8,0x00000000c7600000)
 Metaspace       used 88979K, committed 90048K, reserved 1179648K
  class space    used 8594K, committed 9024K, reserved 1048576K
}
Event: 4116.226 GC heap before
{Heap before GC invocations=18862 (full 500):
 PSYoungGen      total 3072K, used 2944K [0x00000000eab00000, 0x00000000eaf00000, 0x0000000100000000)
  eden space 2048K, 100% used [0x00000000eab00000,0x00000000ead00000,0x00000000ead00000)
  from space 1024K, 87% used [0x00000000eae00000,0x00000000eaee0000,0x00000000eaf00000)
  to   space 1024K, 0% used [0x00000000ead00000,0x00000000ead00000,0x00000000eae00000)
 ParOldGen       total 120832K, used 107288K [0x00000000c0000000, 0x00000000c7600000, 0x00000000eab00000)
  object space 120832K, 88% used [0x00000000c0000000,0x00000000c68c63d8,0x00000000c7600000)
 Metaspace       used 88979K, committed 90048K, reserved 1179648K
  class space    used 8594K, committed 9024K, reserved 1048576K
}
Event: 4116.227 GC heap after
{Heap after GC invocations=18862 (full 500):
 PSYoungGen      total 3072K, used 880K [0x00000000eab00000, 0x00000000eaf80000, 0x0000000100000000)
  eden space 2048K, 0% used [0x00000000eab00000,0x00000000eab00000,0x00000000ead00000)
  from space 1024K, 85% used [0x00000000ead00000,0x00000000eaddc010,0x00000000eae00000)
  to   space 1024K, 0% used [0x00000000eae80000,0x00000000eae80000,0x00000000eaf80000)
 ParOldGen       total 120832K, used 108054K [0x00000000c0000000, 0x00000000c7600000, 0x00000000eab00000)
  object space 120832K, 89% used [0x00000000c0000000,0x00000000c6985878,0x00000000c7600000)
 Metaspace       used 88979K, committed 90048K, reserved 1179648K
  class space    used 8594K, committed 9024K, reserved 1048576K
}
Event: 4116.231 GC heap before
{Heap before GC invocations=18863 (full 500):
 PSYoungGen      total 3072K, used 2928K [0x00000000eab00000, 0x00000000eaf80000, 0x0000000100000000)
  eden space 2048K, 100% used [0x00000000eab00000,0x00000000ead00000,0x00000000ead00000)
  from space 1024K, 85% used [0x00000000ead00000,0x00000000eaddc010,0x00000000eae00000)
  to   space 1024K, 0% used [0x00000000eae80000,0x00000000eae80000,0x00000000eaf80000)
 ParOldGen       total 120832K, used 108054K [0x00000000c0000000, 0x00000000c7600000, 0x00000000eab00000)
  object space 120832K, 89% used [0x00000000c0000000,0x00000000c6985878,0x00000000c7600000)
 Metaspace       used 88979K, committed 90048K, reserved 1179648K
  class space    used 8594K, committed 9024K, reserved 1048576K
}
Event: 4116.232 GC heap after
{Heap after GC invocations=18863 (full 500):
 PSYoungGen      total 3584K, used 880K [0x00000000eab00000, 0x00000000eaf80000, 0x0000000100000000)
  eden space 2560K, 0% used [0x00000000eab00000,0x00000000eab00000,0x00000000ead80000)
  from space 1024K, 85% used [0x00000000eae80000,0x00000000eaf5c010,0x00000000eaf80000)
  to   space 1024K, 0% used [0x00000000ead80000,0x00000000ead80000,0x00000000eae80000)
 ParOldGen       total 120832K, used 108809K [0x00000000c0000000, 0x00000000c7600000, 0x00000000eab00000)
  object space 120832K, 90% used [0x00000000c0000000,0x00000000c6a42700,0x00000000c7600000)
 Metaspace       used 88979K, committed 90048K, reserved 1179648K
  class space    used 8594K, committed 9024K, reserved 1048576K
}
Event: 4116.243 GC heap before
{Heap before GC invocations=18864 (full 500):
 PSYoungGen      total 3584K, used 3440K [0x00000000eab00000, 0x00000000eaf80000, 0x0000000100000000)
  eden space 2560K, 100% used [0x00000000eab00000,0x00000000ead80000,0x00000000ead80000)
  from space 1024K, 85% used [0x00000000eae80000,0x00000000eaf5c010,0x00000000eaf80000)
  to   space 1024K, 0% used [0x00000000ead80000,0x00000000ead80000,0x00000000eae80000)
 ParOldGen       total 120832K, used 108809K [0x00000000c0000000, 0x00000000c7600000, 0x00000000eab00000)
  object space 120832K, 90% used [0x00000000c0000000,0x00000000c6a42700,0x00000000c7600000)
 Metaspace       used 88979K, committed 90048K, reserved 1179648K
  class space    used 8594K, committed 9024K, reserved 1048576K
}
Event: 4116.245 GC heap after
{Heap after GC invocations=18864 (full 500):
 PSYoungGen      total 3584K, used 832K [0x00000000eab00000, 0x00000000eb000000, 0x0000000100000000)
  eden space 2560K, 0% used [0x00000000eab00000,0x00000000eab00000,0x00000000ead80000)
  from space 1024K, 81% used [0x00000000ead80000,0x00000000eae50000,0x00000000eae80000)
  to   space 1024K, 0% used [0x00000000eaf00000,0x00000000eaf00000,0x00000000eb000000)
 ParOldGen       total 120832K, used 109598K [0x00000000c0000000, 0x00000000c7600000, 0x00000000eab00000)
  object space 120832K, 90% used [0x00000000c0000000,0x00000000c6b079f8,0x00000000c7600000)
 Metaspace       used 88979K, committed 90048K, reserved 1179648K
  class space    used 8594K, committed 9024K, reserved 1048576K
}
Event: 4116.252 GC heap before
{Heap before GC invocations=18865 (full 500):
 PSYoungGen      total 3584K, used 3392K [0x00000000eab00000, 0x00000000eb000000, 0x0000000100000000)
  eden space 2560K, 100% used [0x00000000eab00000,0x00000000ead80000,0x00000000ead80000)
  from space 1024K, 81% used [0x00000000ead80000,0x00000000eae50000,0x00000000eae80000)
  to   space 1024K, 0% used [0x00000000eaf00000,0x00000000eaf00000,0x00000000eb000000)
 ParOldGen       total 120832K, used 109598K [0x00000000c0000000, 0x00000000c7600000, 0x00000000eab00000)
  object space 120832K, 90% used [0x00000000c0000000,0x00000000c6b079f8,0x00000000c7600000)
 Metaspace       used 88979K, committed 90048K, reserved 1179648K
  class space    used 8594K, committed 9024K, reserved 1048576K
}
Event: 4116.253 GC heap after
{Heap after GC invocations=18865 (full 500):
 PSYoungGen      total 3072K, used 1024K [0x00000000eab00000, 0x00000000eb180000, 0x0000000100000000)
  eden space 2048K, 0% used [0x00000000eab00000,0x00000000eab00000,0x00000000ead00000)
  from space 1024K, 100% used [0x00000000eaf00000,0x00000000eb000000,0x00000000eb000000)
  to   space 2048K, 0% used [0x00000000ead00000,0x00000000ead00000,0x00000000eaf00000)
 ParOldGen       total 120832K, used 110343K [0x00000000c0000000, 0x00000000c7600000, 0x00000000eab00000)
  object space 120832K, 91% used [0x00000000c0000000,0x00000000c6bc1e88,0x00000000c7600000)
 Metaspace       used 88979K, committed 90048K, reserved 1179648K
  class space    used 8594K, committed 9024K, reserved 1048576K
}
Event: 4116.257 GC heap before
{Heap before GC invocations=18866 (full 500):
 PSYoungGen      total 3072K, used 3072K [0x00000000eab00000, 0x00000000eb180000, 0x0000000100000000)
  eden space 2048K, 100% used [0x00000000eab00000,0x00000000ead00000,0x00000000ead00000)
  from space 1024K, 100% used [0x00000000eaf00000,0x00000000eb000000,0x00000000eb000000)
  to   space 2048K, 0% used [0x00000000ead00000,0x00000000ead00000,0x00000000eaf00000)
 ParOldGen       total 120832K, used 110343K [0x00000000c0000000, 0x00000000c7600000, 0x00000000eab00000)
  object space 120832K, 91% used [0x00000000c0000000,0x00000000c6bc1e88,0x00000000c7600000)
 Metaspace       used 88979K, committed 90048K, reserved 1179648K
  class space    used 8594K, committed 9024K, reserved 1048576K
}
Event: 4116.258 GC heap after
{Heap after GC invocations=18866 (full 500):
 PSYoungGen      total 4096K, used 864K [0x00000000eab00000, 0x00000000eb080000, 0x0000000100000000)
  eden space 2048K, 0% used [0x00000000eab00000,0x00000000eab00000,0x00000000ead00000)
  from space 2048K, 42% used [0x00000000ead00000,0x00000000eadd8000,0x00000000eaf00000)
  to   space 1536K, 0% used [0x00000000eaf00000,0x00000000eaf00000,0x00000000eb080000)
 ParOldGen       total 120832K, used 111304K [0x00000000c0000000, 0x00000000c7600000, 0x00000000eab00000)
  object space 120832K, 92% used [0x00000000c0000000,0x00000000c6cb2280,0x00000000c7600000)
 Metaspace       used 88979K, committed 90048K, reserved 1179648K
  class space    used 8594K, committed 9024K, reserved 1048576K
}
Event: 4116.492 GC heap before
{Heap before GC invocations=18867 (full 500):
 PSYoungGen      total 4096K, used 2911K [0x00000000eab00000, 0x00000000eb080000, 0x0000000100000000)
  eden space 2048K, 99% used [0x00000000eab00000,0x00000000eacfffe0,0x00000000ead00000)
  from space 2048K, 42% used [0x00000000ead00000,0x00000000eadd8000,0x00000000eaf00000)
  to   space 1536K, 0% used [0x00000000eaf00000,0x00000000eaf00000,0x00000000eb080000)
 ParOldGen       total 120832K, used 111304K [0x00000000c0000000, 0x00000000c7600000, 0x00000000eab00000)
  object space 120832K, 92% used [0x00000000c0000000,0x00000000c6cb2280,0x00000000c7600000)
 Metaspace       used 88979K, committed 90048K, reserved 1179648K
  class space    used 8594K, committed 9024K, reserved 1048576K
}
Event: 4116.496 GC heap after
{Heap after GC invocations=18867 (full 500):
 PSYoungGen      total 3072K, used 624K [0x00000000eab00000, 0x00000000eb000000, 0x0000000100000000)
  eden space 2048K, 0% used [0x00000000eab00000,0x00000000eab00000,0x00000000ead00000)
  from space 1024K, 60% used [0x00000000eaf00000,0x00000000eaf9c010,0x00000000eb000000)
  to   space 1024K, 0% used [0x00000000eae00000,0x00000000eae00000,0x00000000eaf00000)
 ParOldGen       total 120832K, used 112046K [0x00000000c0000000, 0x00000000c7600000, 0x00000000eab00000)
  object space 120832K, 92% used [0x00000000c0000000,0x00000000c6d6baf8,0x00000000c7600000)
 Metaspace       used 88979K, committed 90048K, reserved 1179648K
  class space    used 8594K, committed 9024K, reserved 1048576K
}
Event: 4116.514 GC heap before
{Heap before GC invocations=18868 (full 500):
 PSYoungGen      total 3072K, used 2672K [0x00000000eab00000, 0x00000000eb000000, 0x0000000100000000)
  eden space 2048K, 100% used [0x00000000eab00000,0x00000000ead00000,0x00000000ead00000)
  from space 1024K, 60% used [0x00000000eaf00000,0x00000000eaf9c010,0x00000000eb000000)
  to   space 1024K, 0% used [0x00000000eae00000,0x00000000eae00000,0x00000000eaf00000)
 ParOldGen       total 120832K, used 112046K [0x00000000c0000000, 0x00000000c7600000, 0x00000000eab00000)
  object space 120832K, 92% used [0x00000000c0000000,0x00000000c6d6baf8,0x00000000c7600000)
 Metaspace       used 88979K, committed 90048K, reserved 1179648K
  class space    used 8594K, committed 9024K, reserved 1048576K
}
Event: 4116.516 GC heap after
{Heap after GC invocations=18868 (full 500):
 PSYoungGen      total 3072K, used 960K [0x00000000eab00000, 0x00000000eaf80000, 0x0000000100000000)
  eden space 2048K, 0% used [0x00000000eab00000,0x00000000eab00000,0x00000000ead00000)
  from space 1024K, 93% used [0x00000000eae00000,0x00000000eaef0000,0x00000000eaf00000)
  to   space 512K, 0% used [0x00000000eaf00000,0x00000000eaf00000,0x00000000eaf80000)
 ParOldGen       total 120832K, used 112544K [0x00000000c0000000, 0x00000000c7600000, 0x00000000eab00000)
  object space 120832K, 93% used [0x00000000c0000000,0x00000000c6de8348,0x00000000c7600000)
 Metaspace       used 88979K, committed 90048K, reserved 1179648K
  class space    used 8594K, committed 9024K, reserved 1048576K
}
Event: 4116.523 GC heap before
{Heap before GC invocations=18869 (full 500):
 PSYoungGen      total 3072K, used 3008K [0x00000000eab00000, 0x00000000eaf80000, 0x0000000100000000)
  eden space 2048K, 100% used [0x00000000eab00000,0x00000000ead00000,0x00000000ead00000)
  from space 1024K, 93% used [0x00000000eae00000,0x00000000eaef0000,0x00000000eaf00000)
  to   space 512K, 0% used [0x00000000eaf00000,0x00000000eaf00000,0x00000000eaf80000)
 ParOldGen       total 120832K, used 112544K [0x00000000c0000000, 0x00000000c7600000, 0x00000000eab00000)
  object space 120832K, 93% used [0x00000000c0000000,0x00000000c6de8348,0x00000000c7600000)
 Metaspace       used 88979K, committed 90048K, reserved 1179648K
  class space    used 8594K, committed 9024K, reserved 1048576K
}

