# JRE version: OpenJDK Runtime Environment Temurin-17.0.7+7 (17.0.7+7) (build 17.0.7+7)
# Java VM: OpenJDK 64-Bit Server VM Temurin-17.0.7+7 (17.0.7+7, mixed mode, tiered, compressed oops, compressed class ptrs, parallel gc, windows-amd64)
GC Precious Log:
 CPUs: 8 total, 8 available
 Memory: 8072M
 Large Page Support: Disabled
 NUMA Support: Disabled
 Compressed Oops: Enabled (32-bit)
 Alignments: Space 512K, Generation 512K, Heap 2M
 Heap Min Capacity: 100M
 Heap Initial Capacity: 100M
 Heap Max Capacity: 1G
 Pre-touch: Disabled
 Parallel Workers: 8
Heap:
 PSYoungGen      total 5120K, used 4768K [0x00000000eab00000, 0x00000000eb180000, 0x0000000100000000)
  eden space 4096K, 100% used [0x00000000eab00000,0x00000000eaf00000,0x00000000eaf00000)
  from space 1024K, 65% used [0x00000000eb080000,0x00000000eb128000,0x00000000eb180000)
  to   space 1024K, 100% used [0x00000000eaf80000,0x00000000eb080000,0x00000000eb080000)
 ParOldGen       total 220160K, used 210667K [0x00000000c0000000, 0x00000000cd700000, 0x00000000eab00000)
  object space 220160K, 95% used [0x00000000c0000000,0x00000000ccdbad88,0x00000000cd700000)
 Metaspace       used 96107K, committed 97152K, reserved 1179648K
  class space    used 9190K, committed 9664K, reserved 1048576K
GC Heap History (20 events):
Event: 16725.998 GC heap after
{Heap after GC invocations=56686 (full 1231):
 PSYoungGen      total 5120K, used 1296K [0x00000000eab00000, 0x00000000eb180000, 0x0000000100000000)
  eden space 3584K, 0% used [0x00000000eab00000,0x00000000eab00000,0x00000000eae80000)
  from space 1536K, 84% used [0x00000000eaf00000,0x00000000eb044010,0x00000000eb080000)
  to   space 1024K, 0% used [0x00000000eb080000,0x00000000eb080000,0x00000000eb180000)
 ParOldGen       total 220160K, used 200052K [0x00000000c0000000, 0x00000000cd700000, 0x00000000eab00000)
  object space 220160K, 90% used [0x00000000c0000000,0x00000000cc35d048,0x00000000cd700000)
 Metaspace       used 96107K, committed 97152K, reserved 1179648K
  class space    used 9190K, committed 9664K, reserved 1048576K
}
Event: 16726.239 GC heap before
{Heap before GC invocations=56687 (full 1231):
 PSYoungGen      total 5120K, used 4880K [0x00000000eab00000, 0x00000000eb180000, 0x0000000100000000)
  eden space 3584K, 100% used [0x00000000eab00000,0x00000000eae80000,0x00000000eae80000)
  from space 1536K, 84% used [0x00000000eaf00000,0x00000000eb044010,0x00000000eb080000)
  to   space 1024K, 0% used [0x00000000eb080000,0x00000000eb080000,0x00000000eb180000)
 ParOldGen       total 220160K, used 200052K [0x00000000c0000000, 0x00000000cd700000, 0x00000000eab00000)
  object space 220160K, 90% used [0x00000000c0000000,0x00000000cc35d048,0x00000000cd700000)
 Metaspace       used 96107K, committed 97152K, reserved 1179648K
  class space    used 9190K, committed 9664K, reserved 1048576K
}
Event: 16726.244 GC heap after
{Heap after GC invocations=56687 (full 1231):
 PSYoungGen      total 4096K, used 1008K [0x00000000eab00000, 0x00000000eb380000, 0x0000000100000000)
  eden space 3072K, 0% used [0x00000000eab00000,0x00000000eab00000,0x00000000eae00000)
  from space 1024K, 98% used [0x00000000eb080000,0x00000000eb17c010,0x00000000eb180000)
  to   space 2560K, 0% used [0x00000000eae00000,0x00000000eae00000,0x00000000eb080000)
 ParOldGen       total 220160K, used 201210K [0x00000000c0000000, 0x00000000cd700000, 0x00000000eab00000)
  object space 220160K, 91% used [0x00000000c0000000,0x00000000cc47e8f0,0x00000000cd700000)
 Metaspace       used 96107K, committed 97152K, reserved 1179648K
  class space    used 9190K, committed 9664K, reserved 1048576K
}
Event: 16726.282 GC heap before
{Heap before GC invocations=56688 (full 1231):
 PSYoungGen      total 4096K, used 4080K [0x00000000eab00000, 0x00000000eb380000, 0x0000000100000000)
  eden space 3072K, 100% used [0x00000000eab00000,0x00000000eae00000,0x00000000eae00000)
  from space 1024K, 98% used [0x00000000eb080000,0x00000000eb17c010,0x00000000eb180000)
  to   space 2560K, 0% used [0x00000000eae00000,0x00000000eae00000,0x00000000eb080000)
 ParOldGen       total 220160K, used 201210K [0x00000000c0000000, 0x00000000cd700000, 0x00000000eab00000)
  object space 220160K, 91% used [0x00000000c0000000,0x00000000cc47e8f0,0x00000000cd700000)
 Metaspace       used 96107K, committed 97152K, reserved 1179648K
  class space    used 9190K, committed 9664K, reserved 1048576K
}
Event: 16726.286 GC heap after
{Heap after GC invocations=56688 (full 1231):
 PSYoungGen      total 4096K, used 1024K [0x00000000eab00000, 0x00000000eb100000, 0x0000000100000000)
  eden space 3072K, 0% used [0x00000000eab00000,0x00000000eab00000,0x00000000eae00000)
  from space 1024K, 100% used [0x00000000eae00000,0x00000000eaf00000,0x00000000eaf00000)
  to   space 1536K, 0% used [0x00000000eaf80000,0x00000000eaf80000,0x00000000eb100000)
 ParOldGen       total 220160K, used 202172K [0x00000000c0000000, 0x00000000cd700000, 0x00000000eab00000)
  object space 220160K, 91% used [0x00000000c0000000,0x00000000cc56f2e8,0x00000000cd700000)
 Metaspace       used 96107K, committed 97152K, reserved 1179648K
  class space    used 9190K, committed 9664K, reserved 1048576K
}
Event: 16726.308 GC heap before
{Heap before GC invocations=56689 (full 1231):
 PSYoungGen      total 4096K, used 4096K [0x00000000eab00000, 0x00000000eb100000, 0x0000000100000000)
  eden space 3072K, 100% used [0x00000000eab00000,0x00000000eae00000,0x00000000eae00000)
  from space 1024K, 100% used [0x00000000eae00000,0x00000000eaf00000,0x00000000eaf00000)
  to   space 1536K, 0% used [0x00000000eaf80000,0x00000000eaf80000,0x00000000eb100000)
 ParOldGen       total 220160K, used 202172K [0x00000000c0000000, 0x00000000cd700000, 0x00000000eab00000)
  object space 220160K, 91% used [0x00000000c0000000,0x00000000cc56f2e8,0x00000000cd700000)
 Metaspace       used 96107K, committed 97152K, reserved 1179648K
  class space    used 9190K, committed 9664K, reserved 1048576K
}
Event: 16726.313 GC heap after
{Heap after GC invocations=56689 (full 1231):
 PSYoungGen      total 4608K, used 1056K [0x00000000eab00000, 0x00000000eb100000, 0x0000000100000000)
  eden space 3072K, 0% used [0x00000000eab00000,0x00000000eab00000,0x00000000eae00000)
  from space 1536K, 68% used [0x00000000eaf80000,0x00000000eb088000,0x00000000eb100000)
  to   space 1536K, 0% used [0x00000000eae00000,0x00000000eae00000,0x00000000eaf80000)
 ParOldGen       total 220160K, used 203092K [0x00000000c0000000, 0x00000000cd700000, 0x00000000eab00000)
  object space 220160K, 92% used [0x00000000c0000000,0x00000000cc655160,0x00000000cd700000)
 Metaspace       used 96107K, committed 97152K, reserved 1179648K
  class space    used 9190K, committed 9664K, reserved 1048576K
}
Event: 16726.338 GC heap before
{Heap before GC invocations=56690 (full 1231):
 PSYoungGen      total 4608K, used 4128K [0x00000000eab00000, 0x00000000eb100000, 0x0000000100000000)
  eden space 3072K, 100% used [0x00000000eab00000,0x00000000eae00000,0x00000000eae00000)
  from space 1536K, 68% used [0x00000000eaf80000,0x00000000eb088000,0x00000000eb100000)
  to   space 1536K, 0% used [0x00000000eae00000,0x00000000eae00000,0x00000000eaf80000)
 ParOldGen       total 220160K, used 203092K [0x00000000c0000000, 0x00000000cd700000, 0x00000000eab00000)
  object space 220160K, 92% used [0x00000000c0000000,0x00000000cc655160,0x00000000cd700000)
 Metaspace       used 96107K, committed 97152K, reserved 1179648K
  class space    used 9190K, committed 9664K, reserved 1048576K
}
Event: 16726.342 GC heap after
{Heap after GC invocations=56690 (full 1231):
 PSYoungGen      total 4608K, used 1088K [0x00000000eab00000, 0x00000000eb100000, 0x0000000100000000)
  eden space 3072K, 0% used [0x00000000eab00000,0x00000000eab00000,0x00000000eae00000)
  from space 1536K, 70% used [0x00000000eae00000,0x00000000eaf10000,0x00000000eaf80000)
  to   space 1536K, 0% used [0x00000000eaf80000,0x00000000eaf80000,0x00000000eb100000)
 ParOldGen       total 220160K, used 204056K [0x00000000c0000000, 0x00000000cd700000, 0x00000000eab00000)
  object space 220160K, 92% used [0x00000000c0000000,0x00000000cc7462d0,0x00000000cd700000)
 Metaspace       used 96107K, committed 97152K, reserved 1179648K
  class space    used 9190K, committed 9664K, reserved 1048576K
}
Event: 16726.589 GC heap before
{Heap before GC invocations=56691 (full 1231):
 PSYoungGen      total 4608K, used 4160K [0x00000000eab00000, 0x00000000eb100000, 0x0000000100000000)
  eden space 3072K, 100% used [0x00000000eab00000,0x00000000eae00000,0x00000000eae00000)
  from space 1536K, 70% used [0x00000000eae00000,0x00000000eaf10000,0x00000000eaf80000)
  to   space 1536K, 0% used [0x00000000eaf80000,0x00000000eaf80000,0x00000000eb100000)
 ParOldGen       total 220160K, used 204056K [0x00000000c0000000, 0x00000000cd700000, 0x00000000eab00000)
  object space 220160K, 92% used [0x00000000c0000000,0x00000000cc7462d0,0x00000000cd700000)
 Metaspace       used 96107K, committed 97152K, reserved 1179648K
  class space    used 9190K, committed 9664K, reserved 1048576K
}
Event: 16726.594 GC heap after
{Heap after GC invocations=56691 (full 1231):
 PSYoungGen      total 4096K, used 864K [0x00000000eab00000, 0x00000000eb080000, 0x0000000100000000)
  eden space 3072K, 0% used [0x00000000eab00000,0x00000000eab00000,0x00000000eae00000)
  from space 1024K, 84% used [0x00000000eaf80000,0x00000000eb058000,0x00000000eb080000)
  to   space 1024K, 0% used [0x00000000eae80000,0x00000000eae80000,0x00000000eaf80000)
 ParOldGen       total 220160K, used 204937K [0x00000000c0000000, 0x00000000cd700000, 0x00000000eab00000)
  object space 220160K, 93% used [0x00000000c0000000,0x00000000cc8226d8,0x00000000cd700000)
 Metaspace       used 96107K, committed 97152K, reserved 1179648K
  class space    used 9190K, committed 9664K, reserved 1048576K
}
Event: 16726.616 GC heap before
{Heap before GC invocations=56692 (full 1231):
 PSYoungGen      total 4096K, used 3936K [0x00000000eab00000, 0x00000000eb080000, 0x0000000100000000)
  eden space 3072K, 100% used [0x00000000eab00000,0x00000000eae00000,0x00000000eae00000)
  from space 1024K, 84% used [0x00000000eaf80000,0x00000000eb058000,0x00000000eb080000)
  to   space 1024K, 0% used [0x00000000eae80000,0x00000000eae80000,0x00000000eaf80000)
 ParOldGen       total 220160K, used 204937K [0x00000000c0000000, 0x00000000cd700000, 0x00000000eab00000)
  object space 220160K, 93% used [0x00000000c0000000,0x00000000cc8226d8,0x00000000cd700000)
 Metaspace       used 96107K, committed 97152K, reserved 1179648K
  class space    used 9190K, committed 9664K, reserved 1048576K
}
Event: 16726.621 GC heap after
{Heap after GC invocations=56692 (full 1231):
 PSYoungGen      total 4096K, used 1021K [0x00000000eab00000, 0x00000000eb400000, 0x0000000100000000)
  eden space 3072K, 0% used [0x00000000eab00000,0x00000000eab00000,0x00000000eae00000)
  from space 1024K, 99% used [0x00000000eae80000,0x00000000eaf7f550,0x00000000eaf80000)
  to   space 3072K, 0% used [0x00000000eb100000,0x00000000eb100000,0x00000000eb400000)
 ParOldGen       total 220160K, used 206647K [0x00000000c0000000, 0x00000000cd700000, 0x00000000eab00000)
  object space 220160K, 93% used [0x00000000c0000000,0x00000000cc9cdf80,0x00000000cd700000)
 Metaspace       used 96107K, committed 97152K, reserved 1179648K
  class space    used 9190K, committed 9664K, reserved 1048576K
}
Event: 16726.642 GC heap before
{Heap before GC invocations=56693 (full 1231):
 PSYoungGen      total 4096K, used 4093K [0x00000000eab00000, 0x00000000eb400000, 0x0000000100000000)
  eden space 3072K, 100% used [0x00000000eab00000,0x00000000eae00000,0x00000000eae00000)
  from space 1024K, 99% used [0x00000000eae80000,0x00000000eaf7f550,0x00000000eaf80000)
  to   space 3072K, 0% used [0x00000000eb100000,0x00000000eb100000,0x00000000eb400000)
 ParOldGen       total 220160K, used 206647K [0x00000000c0000000, 0x00000000cd700000, 0x00000000eab00000)
  object space 220160K, 93% used [0x00000000c0000000,0x00000000cc9cdf80,0x00000000cd700000)
 Metaspace       used 96107K, committed 97152K, reserved 1179648K
  class space    used 9190K, committed 9664K, reserved 1048576K
}
Event: 16726.648 GC heap after
{Heap after GC invocations=56693 (full 1231):
 PSYoungGen      total 5120K, used 1888K [0x00000000eab00000, 0x00000000eb300000, 0x0000000100000000)
  eden space 3072K, 0% used [0x00000000eab00000,0x00000000eab00000,0x00000000eae00000)
  from space 2048K, 92% used [0x00000000eb100000,0x00000000eb2d8000,0x00000000eb300000)
  to   space 2560K, 0% used [0x00000000eae00000,0x00000000eae00000,0x00000000eb080000)
 ParOldGen       total 220160K, used 207701K [0x00000000c0000000, 0x00000000cd700000, 0x00000000eab00000)
  object space 220160K, 94% used [0x00000000c0000000,0x00000000ccad54d0,0x00000000cd700000)
 Metaspace       used 96107K, committed 97152K, reserved 1179648K
  class space    used 9190K, committed 9664K, reserved 1048576K
}
Event: 16726.673 GC heap before
{Heap before GC invocations=56694 (full 1231):
 PSYoungGen      total 5120K, used 4960K [0x00000000eab00000, 0x00000000eb300000, 0x0000000100000000)
  eden space 3072K, 100% used [0x00000000eab00000,0x00000000eae00000,0x00000000eae00000)
  from space 2048K, 92% used [0x00000000eb100000,0x00000000eb2d8000,0x00000000eb300000)
  to   space 2560K, 0% used [0x00000000eae00000,0x00000000eae00000,0x00000000eb080000)
 ParOldGen       total 220160K, used 207701K [0x00000000c0000000, 0x00000000cd700000, 0x00000000eab00000)
  object space 220160K, 94% used [0x00000000c0000000,0x00000000ccad54d0,0x00000000cd700000)
 Metaspace       used 96107K, committed 97152K, reserved 1179648K
  class space    used 9190K, committed 9664K, reserved 1048576K
}
Event: 16726.678 GC heap after
{Heap after GC invocations=56694 (full 1231):
 PSYoungGen      total 5632K, used 1040K [0x00000000eab00000, 0x00000000eb200000, 0x0000000100000000)
  eden space 3072K, 0% used [0x00000000eab00000,0x00000000eab00000,0x00000000eae00000)
  from space 2560K, 40% used [0x00000000eae00000,0x00000000eaf04010,0x00000000eb080000)
  to   space 1536K, 0% used [0x00000000eb080000,0x00000000eb080000,0x00000000eb200000)
 ParOldGen       total 220160K, used 209491K [0x00000000c0000000, 0x00000000cd700000, 0x00000000eab00000)
  object space 220160K, 95% used [0x00000000c0000000,0x00000000ccc94f10,0x00000000cd700000)
 Metaspace       used 96107K, committed 97152K, reserved 1179648K
  class space    used 9190K, committed 9664K, reserved 1048576K
}
Event: 16726.691 GC heap before
{Heap before GC invocations=56695 (full 1231):
 PSYoungGen      total 5632K, used 4112K [0x00000000eab00000, 0x00000000eb200000, 0x0000000100000000)
  eden space 3072K, 100% used [0x00000000eab00000,0x00000000eae00000,0x00000000eae00000)
  from space 2560K, 40% used [0x00000000eae00000,0x00000000eaf04010,0x00000000eb080000)
  to   space 1536K, 0% used [0x00000000eb080000,0x00000000eb080000,0x00000000eb200000)
 ParOldGen       total 220160K, used 209491K [0x00000000c0000000, 0x00000000cd700000, 0x00000000eab00000)
  object space 220160K, 95% used [0x00000000c0000000,0x00000000ccc94f10,0x00000000cd700000)
 Metaspace       used 96107K, committed 97152K, reserved 1179648K
  class space    used 9190K, committed 9664K, reserved 1048576K
}
Event: 16726.695 GC heap after
{Heap after GC invocations=56695 (full 1231):
 PSYoungGen      total 5120K, used 672K [0x00000000eab00000, 0x00000000eb180000, 0x0000000100000000)
  eden space 4096K, 0% used [0x00000000eab00000,0x00000000eab00000,0x00000000eaf00000)
  from space 1024K, 65% used [0x00000000eb080000,0x00000000eb128000,0x00000000eb180000)
  to   space 1024K, 0% used [0x00000000eaf80000,0x00000000eaf80000,0x00000000eb080000)
 ParOldGen       total 220160K, used 210397K [0x00000000c0000000, 0x00000000cd700000, 0x00000000eab00000)
  object space 220160K, 95% used [0x00000000c0000000,0x00000000ccd77500,0x00000000cd700000)
 Metaspace       used 96107K, committed 97152K, reserved 1179648K
  class space    used 9190K, committed 9664K, reserved 1048576K
}
Event: 16726.709 GC heap before
{Heap before GC invocations=56696 (full 1231):
 PSYoungGen      total 5120K, used 4768K [0x00000000eab00000, 0x00000000eb180000, 0x0000000100000000)
  eden space 4096K, 100% used [0x00000000eab00000,0x00000000eaf00000,0x00000000eaf00000)
  from space 1024K, 65% used [0x00000000eb080000,0x00000000eb128000,0x00000000eb180000)
  to   space 1024K, 0% used [0x00000000eaf80000,0x00000000eaf80000,0x00000000eb080000)
 ParOldGen       total 220160K, used 210397K [0x00000000c0000000, 0x00000000cd700000, 0x00000000eab00000)
  object space 220160K, 95% used [0x00000000c0000000,0x00000000ccd77500,0x00000000cd700000)
 Metaspace       used 96107K, committed 97152K, reserved 1179648K
  class space    used 9190K, committed 9664K, reserved 1048576K
}

